<?xml version="1.0" encoding="UTF-8"?>
<!-- Generated by org.testng.reporters.JUnitReportReporter -->
<testsuite hostname="DESKTOP-N60QB27" failures="0" tests="1" name="tests.Test2" time="70.876" errors="0" timestamp="2022-12-15T11:17:28 IST" skipped="0">
  <testcase classname="tests.Test2" name="m1" time="70.876"/>
</testsuite> <!-- tests.Test2 -->
