<?xml version="1.0" encoding="UTF-8"?>
<!-- Generated by org.testng.reporters.JUnitReportReporter -->
<testsuite hostname="DESKTOP-N60QB27" failures="0" tests="1" name="tests.Test3" time="54.436" errors="0" timestamp="2022-12-15T11:22:15 IST" skipped="0">
  <testcase classname="tests.Test3" name="m1" time="54.436"/>
</testsuite> <!-- tests.Test3 -->
