<?xml version="1.0" encoding="UTF-8"?>
<!-- Generated by org.testng.reporters.JUnitReportReporter -->
<testsuite hostname="DESKTOP-N60QB27" failures="0" tests="1" name="tests.Test1" time="67.035" errors="0" timestamp="2022-12-15T11:10:32 IST" skipped="0">
  <testcase classname="tests.Test1" name="m1" time="67.035"/>
</testsuite> <!-- tests.Test1 -->
